<?xml version="1.0" encoding="UTF-8"?>
<!-- Generated by org.testng.reporters.JUnitReportReporter -->
<testsuite hostname="AS101353" failures="0" tests="1" name="tests.BaseTest" time="8.755" errors="1" timestamp="2023-01-02T22:58:44 CST" skipped="0">
  <testcase classname="tests.BaseTest" name="setup" time="8.755">
    <error message="Error {
  message=&#039;Protocol error (Page.navigate): Cannot navigate to invalid URL
=========================== logs ===========================
navigating to &quot;&quot;, waiting until &quot;load&quot;
============================================================
  name=&#039;Error
  stack=&#039;Error: Protocol error (Page.navigate): Cannot navigate to invalid URL
=========================== logs ===========================
navigating to &quot;&quot;, waiting until &quot;load&quot;
============================================================
    at C:\Users\ALEXAN~1\AppData\Local\Temp\playwright-java-3481700657743149292\package\lib\server\chromium\crConnection.js:169:16
    at new Promise (&lt;anonymous&gt;)
    at CRSession.send (C:\Users\ALEXAN~1\AppData\Local\Temp\playwright-java-3481700657743149292\package\lib\server\chromium\crConnection.js:165:12)
    at FrameSession._navigate (C:\Users\ALEXAN~1\AppData\Local\Temp\playwright-java-3481700657743149292\package\lib\server\chromium\crPage.js:504:41)
    at CRPage.navigateFrame (C:\Users\ALEXAN~1\AppData\Local\Temp\playwright-java-3481700657743149292\package\lib\server\chromium\crPage.js:159:41)
    at Frame._gotoAction (C:\Users\ALEXAN~1\AppData\Local\Temp\playwright-java-3481700657743149292\package\lib\server\frames.js:542:55)
    at C:\Users\ALEXAN~1\AppData\Local\Temp\playwright-java-3481700657743149292\package\lib\server\frames.js:528:74
    at Frame.raceNavigationAction (C:\Users\ALEXAN~1\AppData\Local\Temp\playwright-java-3481700657743149292\package\lib\server\frames.js:500:9)
    at Frame._goto (C:\Users\ALEXAN~1\AppData\Local\Temp\playwright-java-3481700657743149292\package\lib\server\frames.js:528:17)
    at C:\Users\ALEXAN~1\AppData\Local\Temp\playwright-java-3481700657743149292\package\lib\server\frames.js:525:44
}" type="com.microsoft.playwright.PlaywrightException">
      <![CDATA[com.microsoft.playwright.PlaywrightException: Error {
  message='Protocol error (Page.navigate): Cannot navigate to invalid URL
=========================== logs ===========================
navigating to "", waiting until "load"
============================================================
  name='Error
  stack='Error: Protocol error (Page.navigate): Cannot navigate to invalid URL
=========================== logs ===========================
navigating to "", waiting until "load"
============================================================
    at C:\Users\ALEXAN~1\AppData\Local\Temp\playwright-java-3481700657743149292\package\lib\server\chromium\crConnection.js:169:16
    at new Promise (<anonymous>)
    at CRSession.send (C:\Users\ALEXAN~1\AppData\Local\Temp\playwright-java-3481700657743149292\package\lib\server\chromium\crConnection.js:165:12)
    at FrameSession._navigate (C:\Users\ALEXAN~1\AppData\Local\Temp\playwright-java-3481700657743149292\package\lib\server\chromium\crPage.js:504:41)
    at CRPage.navigateFrame (C:\Users\ALEXAN~1\AppData\Local\Temp\playwright-java-3481700657743149292\package\lib\server\chromium\crPage.js:159:41)
    at Frame._gotoAction (C:\Users\ALEXAN~1\AppData\Local\Temp\playwright-java-3481700657743149292\package\lib\server\frames.js:542:55)
    at C:\Users\ALEXAN~1\AppData\Local\Temp\playwright-java-3481700657743149292\package\lib\server\frames.js:528:74
    at Frame.raceNavigationAction (C:\Users\ALEXAN~1\AppData\Local\Temp\playwright-java-3481700657743149292\package\lib\server\frames.js:500:9)
    at Frame._goto (C:\Users\ALEXAN~1\AppData\Local\Temp\playwright-java-3481700657743149292\package\lib\server\frames.js:528:17)
    at C:\Users\ALEXAN~1\AppData\Local\Temp\playwright-java-3481700657743149292\package\lib\server\frames.js:525:44
}
at com.microsoft.playwright.impl.WaitableResult.get(WaitableResult.java:54)
at com.microsoft.playwright.impl.ChannelOwner.runUntil(ChannelOwner.java:111)
at com.microsoft.playwright.impl.Connection.sendMessage(Connection.java:119)
at com.microsoft.playwright.impl.ChannelOwner.sendMessage(ChannelOwner.java:102)
at com.microsoft.playwright.impl.FrameImpl.navigateImpl(FrameImpl.java:462)
at com.microsoft.playwright.impl.PageImpl.lambda$navigate$44(PageImpl.java:845)
at com.microsoft.playwright.impl.LoggingSupport.withLogging(LoggingSupport.java:47)
at com.microsoft.playwright.impl.ChannelOwner.withLogging(ChannelOwner.java:87)
at com.microsoft.playwright.impl.PageImpl.navigate(PageImpl.java:845)
at com.microsoft.playwright.impl.PageImpl.navigate(PageImpl.java:41)
at com.microsoft.playwright.Page.navigate(Page.java:4863)
at factory.Factory.initializeBrowser(Factory.java:50)
at tests.BaseTest.setup(BaseTest.java:19)
at java.base/jdk.internal.reflect.NativeMethodAccessorImpl.invoke0(Native Method)
at java.base/jdk.internal.reflect.NativeMethodAccessorImpl.invoke(NativeMethodAccessorImpl.java:77)
at java.base/jdk.internal.reflect.DelegatingMethodAccessorImpl.invoke(DelegatingMethodAccessorImpl.java:43)
at java.base/java.lang.reflect.Method.invoke(Method.java:568)
at org.testng.internal.invokers.MethodInvocationHelper.invokeMethod(MethodInvocationHelper.java:139)
at org.testng.internal.invokers.MethodInvocationHelper.invokeMethodConsideringTimeout(MethodInvocationHelper.java:69)
at org.testng.internal.invokers.ConfigInvoker.invokeConfigurationMethod(ConfigInvoker.java:361)
at org.testng.internal.invokers.ConfigInvoker.invokeConfigurations(ConfigInvoker.java:296)
at org.testng.TestRunner.invokeTestConfigurations(TestRunner.java:644)
at org.testng.TestRunner.beforeRun(TestRunner.java:633)
at org.testng.TestRunner.run(TestRunner.java:595)
at org.testng.SuiteRunner.runTest(SuiteRunner.java:437)
at org.testng.SuiteRunner.runSequentially(SuiteRunner.java:431)
at org.testng.SuiteRunner.privateRun(SuiteRunner.java:391)
at org.testng.SuiteRunner.run(SuiteRunner.java:330)
at org.testng.SuiteRunnerWorker.runSuite(SuiteRunnerWorker.java:52)
at org.testng.SuiteRunnerWorker.run(SuiteRunnerWorker.java:95)
at org.testng.TestNG.runSuitesSequentially(TestNG.java:1256)
at org.testng.TestNG.runSuitesLocally(TestNG.java:1176)
at org.testng.TestNG.runSuites(TestNG.java:1099)
at org.testng.TestNG.run(TestNG.java:1067)
at org.testng.remote.AbstractRemoteTestNG.run(AbstractRemoteTestNG.java:115)
at org.testng.remote.RemoteTestNG.initAndRun(RemoteTestNG.java:251)
at org.testng.remote.RemoteTestNG.main(RemoteTestNG.java:77)
Caused by: com.microsoft.playwright.impl.DriverException: Error {
  message='Protocol error (Page.navigate): Cannot navigate to invalid URL
=========================== logs ===========================
navigating to "", waiting until "load"
============================================================
  name='Error
  stack='Error: Protocol error (Page.navigate): Cannot navigate to invalid URL
=========================== logs ===========================
navigating to "", waiting until "load"
============================================================
    at C:\Users\ALEXAN~1\AppData\Local\Temp\playwright-java-3481700657743149292\package\lib\server\chromium\crConnection.js:169:16
    at new Promise (<anonymous>)
    at CRSession.send (C:\Users\ALEXAN~1\AppData\Local\Temp\playwright-java-3481700657743149292\package\lib\server\chromium\crConnection.js:165:12)
    at FrameSession._navigate (C:\Users\ALEXAN~1\AppData\Local\Temp\playwright-java-3481700657743149292\package\lib\server\chromium\crPage.js:504:41)
    at CRPage.navigateFrame (C:\Users\ALEXAN~1\AppData\Local\Temp\playwright-java-3481700657743149292\package\lib\server\chromium\crPage.js:159:41)
    at Frame._gotoAction (C:\Users\ALEXAN~1\AppData\Local\Temp\playwright-java-3481700657743149292\package\lib\server\frames.js:542:55)
    at C:\Users\ALEXAN~1\AppData\Local\Temp\playwright-java-3481700657743149292\package\lib\server\frames.js:528:74
    at Frame.raceNavigationAction (C:\Users\ALEXAN~1\AppData\Local\Temp\playwright-java-3481700657743149292\package\lib\server\frames.js:500:9)
    at Frame._goto (C:\Users\ALEXAN~1\AppData\Local\Temp\playwright-java-3481700657743149292\package\lib\server\frames.js:528:17)
    at C:\Users\ALEXAN~1\AppData\Local\Temp\playwright-java-3481700657743149292\package\lib\server\frames.js:525:44
}
at com.microsoft.playwright.impl.Connection.dispatch(Connection.java:201)
at com.microsoft.playwright.impl.Connection.processOneMessage(Connection.java:181)
at com.microsoft.playwright.impl.ChannelOwner.runUntil(ChannelOwner.java:109)
... 35 more
]]>
    </error>
  </testcase> <!-- setup -->
  <system-out/>
</testsuite> <!-- tests.BaseTest -->
